============================================================
  Generated by:           Genus(TM) Synthesis Solution 22.17-s071_1
  Generated on:           Jul 08 2026  03:29:59 am
  Module:                 bidirectional_bus_driver
  Operating conditions:   PVT_0P9V_125C (balanced_tree)
  Wireload mode:          enclosed
  Area mode:              timing library
============================================================

Timing
-------
  Cost    Critical         Violating 
 Group   Path Slack  TNS     Paths   
-------------------------------------
default    No paths   0.0            
-------------------------------------
Total                 0.0          0 

Instance Count
--------------
Leaf Instance Count             16 
Physical Instance count          0 
Sequential Instance Count        0 
Combinational Instance Count    16 
Hierarchical Instance Count      0 

Area
----
Cell Area                          38.304
Physical Cell Area                 0.000
Total Cell Area (Cell+Physical)    38.304
Net Area                           0.000
Total Area (Cell+Physical+Net)     38.304

Max Fanout                         8 (i_send)
Min Fanout                         1 (o_data_from_bus[0])
Average Fanout                     1.8
Terms to net ratio                 1.8462
Terms to instance ratio            3.0000
Runtime                            19.902214999999998 seconds
Elapsed Runtime                    21 seconds
Genus peak memory usage            1773.16 
Innovus peak memory usage          no_value 
Hostname                           localhost
