xmsim(64): 22.03-s012: (c) Copyright 1995-2023 Cadence Design Systems, Inc.
TOOL:	xmsim(64)	22.03-s012: Started on Jul 06, 2026 at 21:47:50 KST
xmsim
    -MESS
    tb_simple_register
    -gui

xmsim: *W,NOMTDGUI: Multi-Threaded Dumping is disabled for interactive debug mode.

-------------------------------------
Relinquished control to SimVision...
xcelium> 
xcelium> database -open waves -into waves.shm -default
Created default SHM database waves
xcelium> probe -create -shm tb_simple_register.uut.wen tb_simple_register.uut.clk tb_simple_register.uut.i_wdata tb_simple_register.uut.o_rdata tb_simple_register.uut.r_reg32 tb_simple_register.uut.rst_n
Created probe 1
xcelium> run
Read Data :         42
Simulation complete via $finish(1) at time 40 NS + 0
./tb_simple_register.v:38 	$finish;
xcelium> ^C
xcelium> exit
TOOL:	xmsim(64)	22.03-s012: Exiting on Jul 06, 2026 at 22:11:07 KST  (total: 00:23:17)
