xmsim(64): 22.03-s012: (c) Copyright 1995-2023 Cadence Design Systems, Inc.
TOOL:	xmsim(64)	22.03-s012: Started on Jul 07, 2026 at 01:04:11 KST
xmsim
    -MESS
    tb_FSM1
    -gui

xmsim: *W,NOMTDGUI: Multi-Threaded Dumping is disabled for interactive debug mode.

-------------------------------------
Relinquished control to SimVision...
xcelium> 
xcelium> database -open waves -into waves.shm -default
Created default SHM database waves
xcelium> probe -create -shm tb_FSM1.ws tb_FSM1.clk tb_FSM1.ds tb_FSM1.go tb_FSM1.rd tb_FSM1.rst_n
Created probe 1
xcelium> run
Simulation complete via $finish(1) at time 500 NS + 0
./tb_FSM1.v:42 	#100; $finish;
xcelium> ^C
xcelium> exit
TOOL:	xmsim(64)	22.03-s012: Exiting on Jul 07, 2026 at 01:17:36 KST  (total: 00:13:25)
