xmsim(64): 22.03-s012: (c) Copyright 1995-2023 Cadence Design Systems, Inc.
TOOL:	xmsim(64)	22.03-s012: Started on Jul 01, 2026 at 23:35:29 KST
xmsim
    -MESS
    tb_multiplexed_bus_driver
    -gui

xmsim: *W,NOMTDGUI: Multi-Threaded Dumping is disabled for interactive debug mode.

-------------------------------------
Relinquished control to SimVision...
xcelium> 
xcelium> database -open waves -into waves.shm -default
Created default SHM database waves
xcelium> probe -create -shm tb_multiplexed_bus_driver.uut.w_select tb_multiplexed_bus_driver.uut.i_data_a tb_multiplexed_bus_driver.uut.i_data_b tb_multiplexed_bus_driver.uut.i_en_a tb_multiplexed_bus_driver.uut.i_en_b tb_multiplexed_bus_driver.uut.o_bus_data tb_multiplexed_bus_driver.uut.w_mux_out
Created probe 1
xcelium> run
Time=0 | en_a=1, data_a=10101010 | en_b=0, data_b=11001100 | bus_data=10101010
Time=10000 | en_a=0, data_a=10101010 | en_b=1, data_b=11001100 | bus_data=11001100
Time=20000 | en_a=1, data_a=10101010 | en_b=1, data_b=11001100 | bus_data=zzzzzzzz
Time=30000 | en_a=0, data_a=10101010 | en_b=0, data_b=11001100 | bus_data=zzzzzzzz
Simulation complete via $finish(1) at time 40 NS + 0
./tb_multiplexed_bus_driver.v:31 	$finish;
xcelium> ^C
xcelium> exit
TOOL:	xmsim(64)	22.03-s012: Exiting on Jul 01, 2026 at 23:36:04 KST  (total: 00:00:35)
