xmsim(64): 22.03-s012: (c) Copyright 1995-2023 Cadence Design Systems, Inc.
TOOL:	xmsim(64)	22.03-s012: Started on Jul 02, 2026 at 01:44:02 KST
xmsim
    -MESS
    tb_d_latch
    -gui

xmsim: *W,NOMTDGUI: Multi-Threaded Dumping is disabled for interactive debug mode.

-------------------------------------
Relinquished control to SimVision...
xcelium> 
xcelium> database -open waves -into waves.shm -default
Created default SHM database waves
xcelium> probe -create -shm tb_d_latch.uut.o_q tb_d_latch.uut.clk tb_d_latch.uut.i_d
Created probe 1
xcelium> run
Time=0 | clk=0 | d=0 | q=x
Time=5000 | clk=1 | d=0 | q=0
Time=10000 | clk=0 | d=0 | q=0
Time=15000 | clk=1 | d=1 | q=1
Time=20000 | clk=0 | d=1 | q=1
Time=25000 | clk=1 | d=1 | q=1
Time=30000 | clk=0 | d=1 | q=1
Time=35000 | clk=1 | d=0 | q=0
Time=40000 | clk=0 | d=0 | q=0
Time=45000 | clk=1 | d=1 | q=1
Time=50000 | clk=0 | d=1 | q=1
Time=55000 | clk=1 | d=0 | q=0
Time=60000 | clk=0 | d=0 | q=0
Time=65000 | clk=1 | d=1 | q=1
Time=70000 | clk=0 | d=1 | q=1
Time=75000 | clk=1 | d=1 | q=1
Time=80000 | clk=0 | d=0 | q=1
Time=85000 | clk=1 | d=0 | q=0
Time=90000 | clk=0 | d=0 | q=0
Time=95000 | clk=1 | d=0 | q=0
Time=100000 | clk=0 | d=0 | q=0
Time=105000 | clk=1 | d=0 | q=0
Time=110000 | clk=0 | d=0 | q=0
Time=115000 | clk=1 | d=0 | q=0
Time=120000 | clk=0 | d=0 | q=0
Time=125000 | clk=1 | d=0 | q=0
Simulation complete via $finish(1) at time 130 NS + 0
./tb_d_latch.v:29 	#50; $finish;
xcelium> run
xmsim: *E,RNFNSH: Cannot continue simulation due to a previous $finish.
xcelium> ^C
xcelium> exit
TOOL:	xmsim(64)	22.03-s012: Exiting on Jul 02, 2026 at 01:51:01 KST  (total: 00:06:59)
