============================================================
  Generated by:           Genus(TM) Synthesis Solution 22.17-s071_1
  Generated on:           Jul 08 2026  03:12:27 am
  Module:                 bcd_to_7seg
  Operating conditions:   PVT_0P9V_125C (balanced_tree)
  Wireload mode:          enclosed
  Area mode:              timing library
============================================================

Timing
-------
  Cost    Critical         Violating 
 Group   Path Slack  TNS     Paths   
-------------------------------------
default    No paths   0.0            
-------------------------------------
Total                 0.0          0 

Instance Count
--------------
Leaf Instance Count             22 
Physical Instance count          0 
Sequential Instance Count        0 
Combinational Instance Count    22 
Hierarchical Instance Count      0 

Area
----
Cell Area                          31.464
Physical Cell Area                 0.000
Total Cell Area (Cell+Physical)    31.464
Net Area                           0.000
Total Area (Cell+Physical+Net)     31.464

Max Fanout                         6 (i_bcd[1])
Min Fanout                         1 (n_1)
Average Fanout                     2.3
Terms to net ratio                 2.8846
Terms to instance ratio            3.4091
Runtime                            18.880275 seconds
Elapsed Runtime                    19 seconds
Genus peak memory usage            1774.84 
Innovus peak memory usage          no_value 
Hostname                           localhost
