xmelab(64): 22.03-s012: (c) Copyright 1995-2023 Cadence Design Systems, Inc.
TOOL:	xmelab(64)	22.03-s012: Started on Jul 09, 2026 at 03:13:01 KST
xmelab
    -MESS
    -access rwc
    tb_updown_counter

	Elaborating the design hierarchy:
		Caching library 'work_lib' ....... Done
	Building instance overlay tables: .................... Done
	Generating native compiled code:
		work_lib.updown_counter:module <0x0580a439>
			streams:   4, words:  1529
		work_lib.tb_updown_counter:module <0x5e89e62c>
			streams:   6, words:  4449
	Building instance specific data structures.
	Loading native compiled code:     .................... Done
	Design hierarchy summary:
		                 Instances  Unique
		Modules:                 2       2
		Registers:               5       5
		Scalar wires:            4       -
		Vectored wires:          1       -
		Always blocks:           2       2
		Initial blocks:          1       1
		Pseudo assignments:      4       4
		Simulation timescale:  1ps
	Writing initial simulation snapshot: work_lib.tb_updown_counter:module
TOOL:	xmelab(64)	22.03-s012: Exiting on Jul 09, 2026 at 03:13:01 KST  (total: 00:00:00)
