============================================================
  Generated by:           Genus(TM) Synthesis Solution 22.17-s071_1
  Generated on:           Jul 09 2026  02:06:12 am
  Module:                 updown_counter
  Operating conditions:   PVT_0P9V_125C (balanced_tree)
  Wireload mode:          enclosed
  Area mode:              timing library
============================================================

Timing
--------

Clock  Period 
--------------
clk   10000.0 


  Cost    Critical         Violating 
 Group   Path Slack  TNS     Paths   
-------------------------------------
clk          9111.8   0.0          0 
default    No paths   0.0            
-------------------------------------
Total                 0.0          0 

Instance Count
--------------
Leaf Instance Count             21 
Physical Instance count          0 
Sequential Instance Count        4 
Combinational Instance Count    17 
Hierarchical Instance Count      0 

Area
----
Cell Area                          50.958
Physical Cell Area                 0.000
Total Cell Area (Cell+Physical)    50.958
Net Area                           0.000
Total Area (Cell+Physical+Net)     50.958

Max Fanout                         4 (o_count[0])
Min Fanout                         0 (rst_n)
Average Fanout                     2.1
Terms to net ratio                 2.9615
Terms to instance ratio            3.6667
Runtime                            19.841121 seconds
Elapsed Runtime                    21 seconds
Genus peak memory usage            1779.76 
Innovus peak memory usage          no_value 
Hostname                           localhost
