============================================================
  Generated by:           Genus(TM) Synthesis Solution 22.17-s071_1
  Generated on:           Jul 09 2026  02:06:12 am
  Module:                 updown_counter
  Operating conditions:   PVT_0P9V_125C (balanced_tree)
  Wireload mode:          enclosed
  Area mode:              timing library
============================================================


Path 1: MET (9112 ps) Setup Check with Pin o_count_reg[3]/CK->D
          Group: clk
     Startpoint: (R) o_count_reg[1]/CK
          Clock: (R) clk
       Endpoint: (R) o_count_reg[3]/D
          Clock: (R) clk

                     Capture       Launch     
        Clock Edge:+   10000            0     
       Src Latency:+       0            0     
       Net Latency:+       0 (I)        0 (I) 
           Arrival:=   10000            0     
                                              
             Setup:-      93                  
       Uncertainty:-      10                  
     Required Time:=    9897                  
      Launch Clock:-       0                  
         Data Path:-     785                  
             Slack:=    9112                  

#------------------------------------------------------------------------------------------
#   Timing Point    Flags   Arc   Edge   Cell     Fanout Load Trans Delay Arrival Instance 
#                                                        (fF)  (ps)  (ps)   (ps)  Location 
#------------------------------------------------------------------------------------------
  o_count_reg[1]/CK -       -     R     (arrival)      4    -   100     0       0    (-,-) 
  o_count_reg[1]/Q  -       CK->Q F     DFFRHQX1       4  1.0    37   263     263    (-,-) 
  g439__1881/Y      -       A->Y  R     NOR2X1         3  0.8    63    70     333    (-,-) 
  g431__3680/Y      -       C->Y  F     NAND3BXL       2  0.6   170   145     478    (-,-) 
  g427__8428/Y      -       B0->Y F     OA21X1         1  0.4    29   147     624    (-,-) 
  g424__5107/Y      -       B->Y  R     XNOR2X1        1  0.3    24   161     785    (-,-) 
  o_count_reg[3]/D  <<<     -     R     DFFRHQX1       1    -     -     0     785    (-,-) 
#------------------------------------------------------------------------------------------

