
Cadence Innovus(TM) Implementation System.
Copyright 2022 Cadence Design Systems, Inc. All rights reserved worldwide.

Version:	v22.17-s086_1, built Tue Sep 24 10:51:50 PDT 2024
Options:	
Date:		Thu Jul  9 04:28:17 2026
Host:		kopo-seongnam (x86_64 w/Linux 3.10.0-1160.el7.x86_64) (20cores*80cpus*Intel(R) Xeon(R) Gold 5218R CPU @ 2.10GHz 28160KB)
OS:		CentOS Linux 7 (Core)

License:
		[04:28:18.158649] Configured Lic search path (22.01-s003): 5280@localhost

		invs	Innovus Implementation System	22.1	Denied
		invsb	Innovus Implementation System Basic	22.1	checkout succeeded
		4 CPU jobs allowed with the current license(s). Use setMultiCpuUsage to set your required CPU count.
Change the soft stacksize limit to 0.2%RAM (770 mbytes). Set global soft_stack_size_limit to change the value.

**INFO:  MMMC transition support version v31-84 

<CMD> set_global _enable_mmmc_by_default_flow      $CTE::mmmc_default
<CMD> suppressMessage ENCEXT-2799
<CMD> win
<CMD> set enc_check_rename_command_name 1
<CMD> set init_gnd_net VSS
<CMD> set init_lef_file {../../../3_LEF/gsclib045_tech.lef ../../../3_LEF/gsclib045_macro.lef}
<CMD> set init_design_settop 0
<CMD> set init_verilog ../../../6_GLN/2_TINY_PROJECT/1_UP_DOWN_COUNTER/updown_counter_netlist.v
<CMD> set init_mmmc_file sample.view
<CMD> set init_pwr_net VDD
**ERROR: (TCLCMD-992):	Mixed usage of library_set (MMMC-1) and timing_condition (MMMC-2) in delay_corner is not allowed. You should use either MMMC-1 or MMMC-2 to configure the MMMC specification.
<CMD> init_design
#% Begin Load MMMC data ... (date=07/09 04:34:06, mem=1359.7M)
**ERROR: (TCLCMD-992):	Mixed usage of library_set (MMMC-1) and timing_condition (MMMC-2) in delay_corner is not allowed. You should use either MMMC-1 or MMMC-2 to configure the MMMC specification.
<CMD> set init_gnd_net VSS
<CMD> set init_lef_file {../../../3_LEF/gsclib045_tech.lef ../../../3_LEF/gsclib045_macro.lef}
<CMD> set init_design_settop 0
<CMD> set init_verilog ../../../6_GLN/2_TINY_PROJECT/1_UP_DOWN_COUNTER/updown_counter_netlist.v
<CMD> set init_mmmc_file sample.view
<CMD> set init_pwr_net VDD
**ERROR: (TCLCMD-992):	Mixed usage of library_set (MMMC-1) and timing_condition (MMMC-2) in delay_corner is not allowed. You should use either MMMC-1 or MMMC-2 to configure the MMMC specification.
<CMD> init_design
% Begin Load MMMC data ... (date=07/09 04:34:14, mem=1359.9M)
**ERROR: (TCLCMD-992):	Mixed usage of library_set (MMMC-1) and timing_condition (MMMC-2) in delay_corner is not allowed. You should use either MMMC-1 or MMMC-2 to configure the MMMC specification.
<CMD> set init_gnd_net VSS
<CMD> set init_lef_file {../../../3_LEF/gsclib045_tech.lef ../../../3_LEF/gsclib045_macro.lef}
<CMD> set init_design_settop 0
<CMD> set init_verilog ../../../6_GLN/2_TINY_PROJECT/1_UP_DOWN_COUNTER/updown_counter_netlist.v
<CMD> set init_mmmc_file sample.view
<CMD> set init_pwr_net VDD
**ERROR: (TCLCMD-992):	Mixed usage of library_set (MMMC-1) and timing_condition (MMMC-2) in delay_corner is not allowed. You should use either MMMC-1 or MMMC-2 to configure the MMMC specification.
<CMD> init_design
% Begin Load MMMC data ... (date=07/09 04:34:24, mem=1360.0M)
**ERROR: (TCLCMD-992):	Mixed usage of library_set (MMMC-1) and timing_condition (MMMC-2) in delay_corner is not allowed. You should use either MMMC-1 or MMMC-2 to configure the MMMC specification.
<CMD> set init_gnd_net VSS
<CMD> set init_lef_file {../../../3_LEF/gsclib045_tech.lef ../../../3_LEF/gsclib045_macro.lef}
<CMD> set init_design_settop 0
<CMD> set init_verilog ../../../6_GLN/2_TINY_PROJECT/1_UP_DOWN_COUNTER/updown_counter_netlist.v
<CMD> set init_mmmc_file sample.view
<CMD> set init_pwr_net VDD
**ERROR: (TCLCMD-992):	Mixed usage of library_set (MMMC-1) and timing_condition (MMMC-2) in delay_corner is not allowed. You should use either MMMC-1 or MMMC-2 to configure the MMMC specification.
<CMD> init_design
% Begin Load MMMC data ... (date=07/09 04:34:24, mem=1360.0M)
**ERROR: (TCLCMD-992):	Mixed usage of library_set (MMMC-1) and timing_condition (MMMC-2) in delay_corner is not allowed. You should use either MMMC-1 or MMMC-2 to configure the MMMC specification.
<CMD> set init_gnd_net VSS
<CMD> set init_lef_file {../../../3_LEF/gsclib045_tech.lef ../../../3_LEF/gsclib045_macro.lef}
<CMD> set init_design_settop 0
<CMD> set init_verilog ../../../6_GLN/2_TINY_PROJECT/1_UP_DOWN_COUNTER/updown_counter_netlist.v
<CMD> set init_mmmc_file sample.view
<CMD> set init_pwr_net VDD
**ERROR: (TCLCMD-992):	Mixed usage of library_set (MMMC-1) and timing_condition (MMMC-2) in delay_corner is not allowed. You should use either MMMC-1 or MMMC-2 to configure the MMMC specification.
<CMD> init_design
% Begin Load MMMC data ... (date=07/09 04:34:24, mem=1360.0M)
**ERROR: (TCLCMD-992):	Mixed usage of library_set (MMMC-1) and timing_condition (MMMC-2) in delay_corner is not allowed. You should use either MMMC-1 or MMMC-2 to configure the MMMC specification.
<CMD> set init_gnd_net VSS
<CMD> set init_lef_file {../../../3_LEF/gsclib045_tech.lef ../../../3_LEF/gsclib045_macro.lef}
<CMD> set init_design_settop 0
<CMD> set init_verilog ../../../6_GLN/2_TINY_PROJECT/1_UP_DOWN_COUNTER/updown_counter_netlist.v
<CMD> set init_mmmc_file sample.view
<CMD> set init_pwr_net VDD
**ERROR: (TCLCMD-992):	Mixed usage of library_set (MMMC-1) and timing_condition (MMMC-2) in delay_corner is not allowed. You should use either MMMC-1 or MMMC-2 to configure the MMMC specification.
<CMD> init_design
% Begin Load MMMC data ... (date=07/09 04:34:24, mem=1360.0M)
**ERROR: (TCLCMD-992):	Mixed usage of library_set (MMMC-1) and timing_condition (MMMC-2) in delay_corner is not allowed. You should use either MMMC-1 or MMMC-2 to configure the MMMC specification.
<CMD> zoomBox -0.05600 -0.03900 0.15900 0.15300
<CMD> fit
<CMD> fit
<CMD> fit
<CMD> fit
<CMD> zoomBox -0.07400 -0.05300 0.17900 0.17300
<CMD> fit
<CMD> set init_gnd_net VSS
<CMD> set init_lef_file {../../../3_LEF/gsclib045_tech.lef ../../../3_LEF/gsclib045_macro.lef}
<CMD> set init_design_settop 0
<CMD> set init_verilog ../../../6_GLN/2_TINY_PROJECT/1_UP_DOWN_COUNTER/updown_counter_netlist.v
<CMD> set init_mmmc_file sample.view
<CMD> set init_pwr_net VDD
**ERROR: (TCLCMD-992):	Mixed usage of library_set (MMMC-1) and timing_condition (MMMC-2) in delay_corner is not allowed. You should use either MMMC-1 or MMMC-2 to configure the MMMC specification.
<CMD> init_design
% Begin Load MMMC data ... (date=07/09 04:34:41, mem=1360.0M)
**ERROR: (TCLCMD-992):	Mixed usage of library_set (MMMC-1) and timing_condition (MMMC-2) in delay_corner is not allowed. You should use either MMMC-1 or MMMC-2 to configure the MMMC specification.
<CMD> set init_gnd_net VSS
<CMD> set init_lef_file {../../../3_LEF/gsclib045_tech.lef ../../../3_LEF/gsclib045_macro.lef}
<CMD> set init_design_settop 0
<CMD> set init_verilog ../../../6_GLN/2_TINY_PROJECT/1_UP_DOWN_COUNTER/updown_counter_netlist.v
<CMD> set init_pwr_net VDD
**ERROR: (TCLCMD-992):	Mixed usage of library_set (MMMC-1) and timing_condition (MMMC-2) in delay_corner is not allowed. You should use either MMMC-1 or MMMC-2 to configure the MMMC specification.
<CMD> init_design
% Begin Load MMMC data ... (date=07/09 04:35:18, mem=1361.1M)
**ERROR: (TCLCMD-992):	Mixed usage of library_set (MMMC-1) and timing_condition (MMMC-2) in delay_corner is not allowed. You should use either MMMC-1 or MMMC-2 to configure the MMMC specification.
<CMD> set init_gnd_net VSS
<CMD> set init_lef_file {../../../3_LEF/gsclib045_tech.lef ../../../3_LEF/gsclib045_macro.lef}
<CMD> set init_design_settop 0
<CMD> set init_verilog ../../../6_GLN/2_TINY_PROJECT/1_UP_DOWN_COUNTER/updown_counter_netlist.v
<CMD> set init_pwr_net VDD
**ERROR: (TCLCMD-992):	Mixed usage of library_set (MMMC-1) and timing_condition (MMMC-2) in delay_corner is not allowed. You should use either MMMC-1 or MMMC-2 to configure the MMMC specification.
<CMD> init_design
% Begin Load MMMC data ... (date=07/09 04:35:19, mem=1361.1M)
**ERROR: (TCLCMD-992):	Mixed usage of library_set (MMMC-1) and timing_condition (MMMC-2) in delay_corner is not allowed. You should use either MMMC-1 or MMMC-2 to configure the MMMC specification.
<CMD> set init_gnd_net VSS
<CMD> set init_lef_file {../../../3_LEF/gsclib045_tech.lef ../../../3_LEF/gsclib045_macro.lef}
<CMD> set init_design_settop 0
<CMD> set init_verilog ../../../6_GLN/2_TINY_PROJECT/1_UP_DOWN_COUNTER/updown_counter_netlist.v
<CMD> set init_pwr_net VDD
**ERROR: (TCLCMD-992):	Mixed usage of library_set (MMMC-1) and timing_condition (MMMC-2) in delay_corner is not allowed. You should use either MMMC-1 or MMMC-2 to configure the MMMC specification.
<CMD> init_design
% Begin Load MMMC data ... (date=07/09 04:35:19, mem=1361.1M)
**ERROR: (TCLCMD-992):	Mixed usage of library_set (MMMC-1) and timing_condition (MMMC-2) in delay_corner is not allowed. You should use either MMMC-1 or MMMC-2 to configure the MMMC specification.
<CMD> set init_gnd_net VSS
<CMD> set init_lef_file {../../../3_LEF/gsclib045_tech.lef ../../../3_LEF/gsclib045_macro.lef}
<CMD> set init_design_settop 0
<CMD> set init_verilog ../../../6_GLN/2_TINY_PROJECT/1_UP_DOWN_COUNTER/updown_counter_netlist.v
<CMD> set init_pwr_net VDD
<CMD> init_design
% Begin Load MMMC data ... (date=07/09 04:35:19, mem=1361.1M)
<CMD> set init_gnd_net VSS
<CMD> set init_lef_file {../../../3_LEF/gsclib045_tech.lef ../../../3_LEF/gsclib045_macro.lef}
<CMD> set init_design_settop 0
<CMD> set init_verilog ../../../6_GLN/2_TINY_PROJECT/1_UP_DOWN_COUNTER/updown_counter_netlist.v
<CMD> set init_pwr_net VDD
<CMD> init_design
% Begin Load MMMC data ... (date=07/09 04:35:19, mem=1361.1M)

--------------------------------------------------------------------------------
Exiting Innovus on Thu Jul  9 04:35:22 2026
  Total CPU time:     0:02:53
  Total real time:    0:07:06
  Peak memory (main): 1368.61MB


*** Memory Usage v#1 (Current mem = 1628.156M, initial mem = 646.371M) ***
*** Message Summary: 0 warning(s), 20 error(s)

--- Ending "Innovus" (totcpu=0:02:53, real=0:07:05, mem=1628.2M) ---
