xmsim(64): 22.03-s012: (c) Copyright 1995-2023 Cadence Design Systems, Inc.
TOOL:	xmsim(64)	22.03-s012: Started on Jul 02, 2026 at 00:47:01 KST
xmsim
    -MESS
    tb_bidirectional_bus_driver
    -gui

xmsim: *W,NOMTDGUI: Multi-Threaded Dumping is disabled for interactive debug mode.

-------------------------------------
Relinquished control to SimVision...
xcelium> 
xcelium> database -open waves -into waves.shm -default
Created default SHM database waves
xcelium> probe -create -shm tb_bidirectional_bus_driver.uut.o_data_from_bus tb_bidirectional_bus_driver.uut.i_data_to_bus tb_bidirectional_bus_driver.uut.i_rcv tb_bidirectional_bus_driver.uut.i_send tb_bidirectional_bus_driver.uut.io_bus_data
Created probe 1
xcelium> run
Time=0 | send=0 | rcv=0 | data_to_bus=00000000 | bus_data=zzzzzzzz |  data_from_bus=00000000
Time=10000 | send=1 | rcv=0 | data_to_bus=01010101 | bus_data=01010101 |  data_from_bus=00000000
Time=20000 | send=0 | rcv=1 | data_to_bus=01010101 | bus_data=11001100 |  data_from_bus=11001100
Time=30000 | send=0 | rcv=0 | data_to_bus=01010101 | bus_data=zzzzzzzz |  data_from_bus=00000000
Simulation complete via $finish(1) at time 40 NS + 0
./tb_bidirectional_bus_driver.v:47 	$finish;
xcelium> ^C
xcelium> exit
TOOL:	xmsim(64)	22.03-s012: Exiting on Jul 02, 2026 at 01:06:16 KST  (total: 00:19:15)
