============================================================
  Generated by:           Genus(TM) Synthesis Solution 22.17-s071_1
  Generated on:           Jul 08 2026  03:14:18 am
  Module:                 comparator
  Operating conditions:   PVT_0P9V_125C (balanced_tree)
  Wireload mode:          enclosed
  Area mode:              timing library
============================================================

Timing
-------
  Cost    Critical         Violating 
 Group   Path Slack  TNS     Paths   
-------------------------------------
default    No paths   0.0            
-------------------------------------
Total                 0.0          0 

Instance Count
--------------
Leaf Instance Count             16 
Physical Instance count          0 
Sequential Instance Count        0 
Combinational Instance Count    16 
Hierarchical Instance Count      0 

Area
----
Cell Area                          23.256
Physical Cell Area                 0.000
Total Cell Area (Cell+Physical)    23.256
Net Area                           0.000
Total Area (Cell+Physical+Net)     23.256

Max Fanout                         2 (n_1)
Min Fanout                         1 (n_0)
Average Fanout                     1.7
Terms to net ratio                 2.2500
Terms to instance ratio            3.3750
Runtime                            18.934474 seconds
Elapsed Runtime                    20 seconds
Genus peak memory usage            1777.41 
Innovus peak memory usage          no_value 
Hostname                           localhost
