============================================================
  Generated by:           Genus(TM) Synthesis Solution 22.17-s071_1
  Generated on:           Jul 08 2026  03:22:55 am
  Module:                 multiplexed_bus_driver
  Operating conditions:   PVT_0P9V_125C (balanced_tree)
  Wireload mode:          enclosed
  Area mode:              timing library
============================================================

Timing
-------
  Cost    Critical         Violating 
 Group   Path Slack  TNS     Paths   
-------------------------------------
default    No paths   0.0            
-------------------------------------
Total                 0.0          0 

Instance Count
--------------
Leaf Instance Count             17 
Physical Instance count          0 
Sequential Instance Count        0 
Combinational Instance Count    17 
Hierarchical Instance Count      0 

Area
----
Cell Area                          49.248
Physical Cell Area                 0.000
Total Cell Area (Cell+Physical)    49.248
Net Area                           0.000
Total Area (Cell+Physical+Net)     49.248

Max Fanout                         9 (i_en_a)
Min Fanout                         1 (n_1)
Average Fanout                     1.4
Terms to net ratio                 1.6857
Terms to instance ratio            3.4706
Runtime                            19.876271 seconds
Elapsed Runtime                    21 seconds
Genus peak memory usage            1775.13 
Innovus peak memory usage          no_value 
Hostname                           localhost
