xmsim(64): 22.03-s012: (c) Copyright 1995-2023 Cadence Design Systems, Inc.
TOOL:	xmsim(64)	22.03-s012: Started on Jul 02, 2026 at 02:09:33 KST
xmsim
    -MESS
    tb_register
    -gui

xmsim: *W,NOMTDGUI: Multi-Threaded Dumping is disabled for interactive debug mode.

-------------------------------------
Relinquished control to SimVision...
xcelium> 
xcelium> database -open waves -into waves.shm -default
Created default SHM database waves
xcelium> probe -create -shm tb_register.uut.rst_n tb_register.uut.clk tb_register.uut.i_in1 tb_register.uut.i_in2 tb_register.uut.o_out1 tb_register.uut.o_out2
Created probe 1
xcelium> run
Simulation complete via $finish(1) at time 2600 NS + 0
./tb_register.v:47 	#200 $finish;
xcelium> ^C
xcelium> exit
TOOL:	xmsim(64)	22.03-s012: Exiting on Jul 02, 2026 at 02:10:03 KST  (total: 00:00:30)
